<?xml version="1.0" encoding="UTF-8"?>
<!-- Generated by org.testng.reporters.JUnitXMLReporter -->
<testsuite ignored="0" hostname="DESKTOP-LHS8E8R" failures="0" tests="6" name="Test" time="32.297" errors="0" timestamp="2023-07-23T22:43:30 IST">
  <testcase classname="TestLayer.RegisterPageTest" name="validateRegisterPageFunctionality" time="4.875"/>
  <testcase classname="TestLayer.RegisterSuccessPageTest" name="validateSuccessPageUrl" time="0.018"/>
  <testcase classname="TestLayer.RegisterSuccessPageTest" name="clickOntheSignUpLinkInSuccessPage" time="0.138"/>
  <testcase classname="TestLayer.LoginPageTest" name="validateLoginPageUrl" time="7.523"/>
  <testcase classname="TestLayer.LoginPageTest" name="validateLoginpageFunctionality" time="2.122"/>
  <testcase classname="TestLayer.LoginSuccessPageTest" name="validateLoginSuccessPage" time="0.067"/>
</testsuite> <!-- Test -->
