<?xml version="1.0" encoding="UTF-8"?>
<testng-results ignored="0" total="6" passed="6" failed="0" skipped="0">
  <reporter-output>
  </reporter-output>
  <suite started-at="2023-07-23T22:42:58 IST" name="Suite" finished-at="2023-07-23T22:43:30 IST" duration-ms="32297">
    <groups>
    </groups>
    <test started-at="2023-07-23T22:42:58 IST" name="Test" finished-at="2023-07-23T22:43:30 IST" duration-ms="32297">
      <class name="TestLayer.LoginSuccessPageTest">
        <test-method signature="validateLoginSuccessPage()[pri:0, instance:TestLayer.LoginSuccessPageTest@5e600dd5]" started-at="2023-07-23T22:43:30 IST" name="validateLoginSuccessPage" finished-at="2023-07-23T22:43:30 IST" duration-ms="67" status="PASS">
          <reporter-output>
          </reporter-output>
        </test-method> <!-- validateLoginSuccessPage -->
      </class> <!-- TestLayer.LoginSuccessPageTest -->
      <class name="TestLayer.LoginPageTest">
        <test-method signature="validateLoginPageUrl()[pri:2, instance:TestLayer.LoginPageTest@130c12b7]" started-at="2023-07-23T22:43:20 IST" name="validateLoginPageUrl" finished-at="2023-07-23T22:43:27 IST" duration-ms="7523" status="PASS">
          <reporter-output>
          </reporter-output>
        </test-method> <!-- validateLoginPageUrl -->
        <test-method signature="validateLoginpageFunctionality()[pri:3, instance:TestLayer.LoginPageTest@130c12b7]" started-at="2023-07-23T22:43:27 IST" name="validateLoginpageFunctionality" finished-at="2023-07-23T22:43:29 IST" duration-ms="2122" status="PASS">
          <reporter-output>
          </reporter-output>
        </test-method> <!-- validateLoginpageFunctionality -->
      </class> <!-- TestLayer.LoginPageTest -->
      <class name="TestLayer.RegisterPageTest">
        <test-method is-config="true" signature="setUp()[pri:0, instance:TestLayer.RegisterPageTest@272113c4]" started-at="2023-07-23T22:42:58 IST" name="setUp" finished-at="2023-07-23T22:43:14 IST" duration-ms="15833" status="PASS">
          <reporter-output>
          </reporter-output>
        </test-method> <!-- setUp -->
        <test-method signature="validateRegisterPageFunctionality()[pri:0, instance:TestLayer.RegisterPageTest@272113c4]" started-at="2023-07-23T22:43:14 IST" name="validateRegisterPageFunctionality" finished-at="2023-07-23T22:43:19 IST" duration-ms="4875" status="PASS">
          <reporter-output>
          </reporter-output>
        </test-method> <!-- validateRegisterPageFunctionality -->
        <test-method is-config="true" signature="tearDown()[pri:0, instance:TestLayer.RegisterPageTest@272113c4]" started-at="2023-07-23T22:43:30 IST" name="tearDown" finished-at="2023-07-23T22:43:30 IST" duration-ms="1" status="PASS">
          <reporter-output>
          </reporter-output>
        </test-method> <!-- tearDown -->
      </class> <!-- TestLayer.RegisterPageTest -->
      <class name="TestLayer.RegisterSuccessPageTest">
        <test-method signature="validateSuccessPageUrl()[pri:1, instance:TestLayer.RegisterSuccessPageTest@5a45133e]" started-at="2023-07-23T22:43:19 IST" name="validateSuccessPageUrl" finished-at="2023-07-23T22:43:19 IST" duration-ms="18" status="PASS">
          <reporter-output>
          </reporter-output>
        </test-method> <!-- validateSuccessPageUrl -->
        <test-method signature="clickOntheSignUpLinkInSuccessPage()[pri:2, instance:TestLayer.RegisterSuccessPageTest@5a45133e]" started-at="2023-07-23T22:43:19 IST" name="clickOntheSignUpLinkInSuccessPage" finished-at="2023-07-23T22:43:19 IST" duration-ms="138" status="PASS">
          <reporter-output>
          </reporter-output>
        </test-method> <!-- clickOntheSignUpLinkInSuccessPage -->
      </class> <!-- TestLayer.RegisterSuccessPageTest -->
    </test> <!-- Test -->
  </suite> <!-- Suite -->
</testng-results>
